0 verbose cli C:\Program Files\nodejs\node.exe C:\Users\ritik\AppData\Roaming\npm\node_modules\npm\bin\npm-cli.js
1 info using npm@10.8.2
2 info using node@v20.15.0
3 silly config load:file:C:\Users\ritik\AppData\Roaming\npm\node_modules\npm\npmrc
4 silly config load:file:C:\hnji\Project1\booklib-app-using-react-js-and-openlib-api\.npmrc
5 silly config load:file:C:\Users\ritik\.npmrc
6 silly config load:file:C:\Users\ritik\AppData\Roaming\npm\etc\npmrc
7 verbose title npm run build
8 verbose argv "run" "build"
9 verbose logfile logs-max:10 dir:C:\hnji\Project1\booklib-app-using-react-js-and-openlib-api\clean\_logs\2025-06-27T10_34_24_030Z-
10 verbose logfile C:\hnji\Project1\booklib-app-using-react-js-and-openlib-api\clean\_logs\2025-06-27T10_34_24_030Z-debug-0.log
11 silly logfile done cleaning log files
12 http fetch GET 200 https://registry.npmjs.org/npm 1183ms
13 verbose cwd C:\hnji\Project1\booklib-app-using-react-js-and-openlib-api
14 verbose os Windows_NT 10.0.22631
15 verbose node v20.15.0
16 verbose npm  v10.8.2
17 notice
17 notice New [31mmajor[39m version of npm available! [31m10.8.2[39m -> [34m11.4.2[39m
17 notice Changelog: [34mhttps://github.com/npm/cli/releases/tag/v11.4.2[39m
17 notice To update run: [4mnpm install -g npm@11.4.2[24m
17 notice  { force: true, [Symbol(proc-log.meta)]: true }
18 verbose exit 0
19 info ok
